D:\opt\conda\envs\dl\python.exe D:/workspace/CATL-line/main.py --n_iters=100000 --device=cuda --base_dir=./datasets/images --indices=2,3,4,5,6,10 --batch_size=1 --num_workers=1 --optimizer=Adam --loss=MSE --lr=0.00005 --info_interval=100
[2022-01-30 23:06:45] - [iter:    100] loss: 0.00562950 label: (112, 140) pred: (108, 113) delta(pixel): 31
[2022-01-30 23:06:47] - [iter:    200] loss: 0.00670464 label: (127, 143) pred: (109, 119) delta(pixel): 41
[2022-01-30 23:06:49] - [iter:    300] loss: 0.00497482 label: (78, 125) pred: (103, 121) delta(pixel): 29
[2022-01-30 23:06:51] - [iter:    400] loss: 0.00552003 label: (118, 148) pred: (110, 122) delta(pixel): 33
[2022-01-30 23:06:53] - [iter:    500] loss: 0.01082684 label: (133, 161) pred: (118, 126) delta(pixel): 49
[2022-01-30 23:06:56] - [iter:    600] loss: 0.03237837 label: (156, 178) pred: (116, 127) delta(pixel): 91
[2022-01-30 23:06:58] - [iter:    700] loss: 0.00423788 label: (105, 150) pred: (109, 126) delta(pixel): 26
[2022-01-30 23:07:00] - [iter:    800] loss: 0.03913128 label: (154, 189) pred: (117, 128) delta(pixel): 98
[2022-01-30 23:07:02] - [iter:    900] loss: 0.00057637 label: (121, 137) pred: (117, 129) delta(pixel): 11
[2022-01-30 23:07:04] - [iter:   1000] loss: 0.00079463 label: (105, 134) pred: (105, 124) delta(pixel): 10
[2022-01-30 23:07:06] - [iter:   1100] loss: 0.01772111 label: (142, 175) pred: (120, 132) delta(pixel): 64
[2022-01-30 23:07:08] - [iter:   1200] loss: 0.00044629 label: (123, 138) pred: (119, 132) delta(pixel): 10
[2022-01-30 23:07:10] - [iter:   1300] loss: 0.00138180 label: (127, 146) pred: (121, 134) delta(pixel): 17
[2022-01-30 23:07:12] - [iter:   1400] loss: 0.00753558 label: (143, 162) pred: (126, 135) delta(pixel): 43
[2022-01-30 23:07:14] - [iter:   1500] loss: 0.00167517 label: (127, 151) pred: (125, 136) delta(pixel): 16
[2022-01-30 23:07:16] - [iter:   1600] loss: 0.00080838 label: (102, 136) pred: (112, 135) delta(pixel): 10
[2022-01-30 23:07:18] - [iter:   1700] loss: 0.02619743 label: (146, 189) pred: (122, 135) delta(pixel): 77
[2022-01-30 23:07:20] - [iter:   1800] loss: 0.00015935 label: (117, 131) pred: (114, 134) delta(pixel): 6
[2022-01-30 23:07:22] - [iter:   1900] loss: 0.00371182 label: (133, 161) pred: (128, 139) delta(pixel): 26
[2022-01-30 23:07:24] - [iter:   2000] loss: 0.00011042 label: (118, 141) pred: (121, 138) delta(pixel): 5
[2022-01-30 23:07:27] - [iter:   2100] loss: 0.00092761 label: (126, 152) pred: (126, 141) delta(pixel): 11
[2022-01-30 23:07:29] - [iter:   2200] loss: 0.00791750 label: (148, 169) pred: (131, 141) delta(pixel): 44
[2022-01-30 23:07:30] - [iter:   2300] loss: 0.03626201 label: (161, 200) pred: (129, 139) delta(pixel): 93
[2022-01-30 23:07:32] - [iter:   2400] loss: 0.00049857 label: (120, 149) pred: (126, 143) delta(pixel): 11
[2022-01-30 23:07:34] - [iter:   2500] loss: 0.00012248 label: (80, 101) pred: (76, 100) delta(pixel): 5
[2022-01-30 23:07:37] - [iter:   2600] loss: 0.00031181 label: (90, 140) pred: (96, 139) delta(pixel): 7
[2022-01-30 23:07:39] - [iter:   2700] loss: 0.00604313 label: (105, 164) pred: (92, 139) delta(pixel): 37
[2022-01-30 23:07:41] - [iter:   2800] loss: 0.01191358 label: (155, 178) pred: (134, 145) delta(pixel): 54
[2022-01-30 23:07:43] - [iter:   2900] loss: 0.00059839 label: (126, 150) pred: (123, 142) delta(pixel): 11
[2022-01-30 23:07:46] - [iter:   3000] loss: 0.01937223 label: (165, 186) pred: (135, 146) delta(pixel): 70
[2022-01-30 23:07:48] - [iter:   3100] loss: 0.00056577 label: (82, 121) pred: (83, 129) delta(pixel): 9
[2022-01-30 23:07:50] - [iter:   3200] loss: 0.02500732 label: (158, 196) pred: (130, 146) delta(pixel): 77
[2022-01-30 23:07:53] - [iter:   3300] loss: 0.00002506 label: (106, 124) pred: (105, 123) delta(pixel): 2
[2022-01-30 23:07:55] - [iter:   3400] loss: 0.01547984 label: (164, 184) pred: (136, 148) delta(pixel): 63
[2022-01-30 23:07:57] - [iter:   3500] loss: 0.00738965 label: (112, 180) pred: (114, 149) delta(pixel): 33
[2022-01-30 23:07:59] - [iter:   3600] loss: 0.02314818 label: (162, 196) pred: (136, 148) delta(pixel): 74
[2022-01-30 23:08:01] - [iter:   3700] loss: 0.00013086 label: (101, 119) pred: (97, 117) delta(pixel): 5
[2022-01-30 23:08:03] - [iter:   3800] loss: 0.00851940 label: (154, 179) pred: (136, 151) delta(pixel): 46
[2022-01-30 23:08:05] - [iter:   3900] loss: 0.00003525 label: (118, 141) pred: (116, 140) delta(pixel): 2
[2022-01-30 23:08:07] - [iter:   4000] loss: 0.01047351 label: (147, 188) pred: (137, 152) delta(pixel): 45
[2022-01-30 23:08:09] - [iter:   4100] loss: 0.00151075 label: (127, 166) pred: (127, 152) delta(pixel): 14
[2022-01-30 23:08:11] - [iter:   4200] loss: 0.00010575 label: (89, 107) pred: (87, 104) delta(pixel): 5
[2022-01-30 23:08:13] - [iter:   4300] loss: 0.00874014 label: (160, 182) pred: (140, 154) delta(pixel): 47
[2022-01-30 23:08:15] - [iter:   4400] loss: 0.02998641 label: (169, 203) pred: (135, 151) delta(pixel): 86
[2022-01-30 23:08:17] - [iter:   4500] loss: 0.00954549 label: (149, 189) pred: (139, 155) delta(pixel): 43
[2022-01-30 23:08:19] - [iter:   4600] loss: 0.00004695 label: (131, 146) pred: (128, 147) delta(pixel): 3
[2022-01-30 23:08:21] - [iter:   4700] loss: 0.01526815 label: (170, 192) pred: (142, 157) delta(pixel): 62
[2022-01-30 23:08:23] - [iter:   4800] loss: 0.02347123 label: (164, 202) pred: (138, 153) delta(pixel): 75
[2022-01-30 23:08:25] - [iter:   4900] loss: 0.00062769 label: (106, 138) pred: (109, 146) delta(pixel): 11
[2022-01-30 23:08:27] - [iter:   5000] loss: 0.01664884 label: (159, 199) pred: (141, 156) delta(pixel): 60
[2022-01-30 23:08:29] - [iter:   5100] loss: 0.00005694 label: (90, 112) pred: (88, 111) delta(pixel): 3
[2022-01-30 23:08:31] - [iter:   5200] loss: 0.00001168 label: (68, 91) pred: (69, 92) delta(pixel): 1
[2022-01-30 23:08:34] - [iter:   5300] loss: 0.00033737 label: (129, 163) pred: (135, 160) delta(pixel): 8
[2022-01-30 23:08:37] - [iter:   5400] loss: 0.01712659 label: (172, 197) pred: (143, 160) delta(pixel): 66
[2022-01-30 23:08:38] - [iter:   5500] loss: 0.00000419 label: (68, 121) pred: (69, 122) delta(pixel): 1
[2022-01-30 23:08:40] - [iter:   5600] loss: 0.00190503 label: (145, 175) pred: (139, 160) delta(pixel): 20
[2022-01-30 23:08:42] - [iter:   5700] loss: 0.00087884 label: (107, 137) pred: (110, 147) delta(pixel): 13
[2022-01-30 23:08:44] - [iter:   5800] loss: 0.00080623 label: (95, 161) pred: (91, 151) delta(pixel): 13
[2022-01-30 23:08:46] - [iter:   5900] loss: 0.00006899 label: (90, 128) pred: (88, 130) delta(pixel): 4
[2022-01-30 23:08:48] - [iter:   6000] loss: 0.00001795 label: (90, 119) pred: (89, 117) delta(pixel): 1
[2022-01-30 23:08:50] - [iter:   6100] loss: 0.00156279 label: (142, 177) pred: (140, 163) delta(pixel): 15
[2022-01-30 23:08:52] - [iter:   6200] loss: 0.01484429 label: (150, 202) pred: (137, 160) delta(pixel): 55
[2022-01-30 23:08:54] - [iter:   6300] loss: 0.00008524 label: (91, 156) pred: (93, 153) delta(pixel): 4
[2022-01-30 23:08:57] - [iter:   6400] loss: 0.00006190 label: (129, 146) pred: (129, 149) delta(pixel): 3
[2022-01-30 23:08:59] - [iter:   6500] loss: 0.00008766 label: (61, 84) pred: (64, 86) delta(pixel): 4
[2022-01-30 23:09:01] - [iter:   6600] loss: 0.00086441 label: (107, 137) pred: (109, 147) delta(pixel): 12
[2022-01-30 23:09:03] - [iter:   6700] loss: 0.00013718 label: (86, 103) pred: (87, 107) delta(pixel): 5
[2022-01-30 23:09:05] - [iter:   6800] loss: 0.00030436 label: (87, 114) pred: (92, 118) delta(pixel): 8
[2022-01-30 23:09:07] - [iter:   6900] loss: 0.00037708 label: (107, 148) pred: (102, 144) delta(pixel): 9
[2022-01-30 23:09:09] - [iter:   7000] loss: 0.00009408 label: (98, 113) pred: (97, 117) delta(pixel): 4
[2022-01-30 23:09:11] - [iter:   7100] loss: 0.00005256 label: (119, 134) pred: (117, 132) delta(pixel): 3
[2022-01-30 23:09:13] - [iter:   7200] loss: 0.00126987 label: (99, 173) pred: (104, 161) delta(pixel): 16
[2022-01-30 23:09:15] - [iter:   7300] loss: 0.00020815 label: (111, 144) pred: (112, 149) delta(pixel): 6
[2022-01-30 23:09:17] - [iter:   7400] loss: 0.00000421 label: (144, 164) pred: (144, 163) delta(pixel): 0
[2022-01-30 23:09:19] - [iter:   7500] loss: 0.00107134 label: (60, 107) pred: (70, 114) delta(pixel): 16
[2022-01-30 23:09:21] - [iter:   7600] loss: 0.00004777 label: (74, 128) pred: (73, 126) delta(pixel): 2
[2022-01-30 23:09:24] - [iter:   7700] loss: 0.00003466 label: (138, 161) pred: (140, 162) delta(pixel): 2
[2022-01-30 23:09:26] - [iter:   7800] loss: 0.00010312 label: (119, 147) pred: (123, 148) delta(pixel): 4
[2022-01-30 23:09:28] - [iter:   7900] loss: 0.00004571 label: (136, 170) pred: (137, 168) delta(pixel): 3
[2022-01-30 23:09:30] - [iter:   8000] loss: 0.00000460 label: (124, 144) pred: (124, 143) delta(pixel): 1
[2022-01-30 23:09:32] - [iter:   8100] loss: 0.00013242 label: (127, 162) pred: (123, 163) delta(pixel): 4
[2022-01-30 23:09:34] - [iter:   8200] loss: 0.00002066 label: (81, 135) pred: (83, 135) delta(pixel): 1
[2022-01-30 23:09:36] - [iter:   8300] loss: 0.00001373 label: (93, 154) pred: (94, 154) delta(pixel): 1
[2022-01-30 23:09:38] - [iter:   8400] loss: 0.00000016 label: (80, 125) pred: (80, 125) delta(pixel): 0
[2022-01-30 23:09:41] - [iter:   8500] loss: 0.00001196 label: (77, 139) pred: (78, 138) delta(pixel): 1
[2022-01-30 23:09:43] - [iter:   8600] loss: 0.00001520 label: (113, 141) pred: (113, 142) delta(pixel): 1
[2022-01-30 23:09:45] - [iter:   8700] loss: 0.00013476 label: (124, 153) pred: (126, 157) delta(pixel): 5
[2022-01-30 23:09:47] - [iter:   8800] loss: 0.00325052 label: (169, 188) pred: (153, 174) delta(pixel): 29
[2022-01-30 23:09:49] - [iter:   8900] loss: 0.00003459 label: (123, 140) pred: (123, 142) delta(pixel): 2
[2022-01-30 23:09:51] - [iter:   9000] loss: 0.00026439 label: (118, 152) pred: (123, 155) delta(pixel): 8
[2022-01-30 23:09:53] - [iter:   9100] loss: 0.00000274 label: (150, 168) pred: (150, 169) delta(pixel): 0
[2022-01-30 23:09:55] - [iter:   9200] loss: 0.00000682 label: (125, 143) pred: (124, 142) delta(pixel): 1
[2022-01-30 23:09:57] - [iter:   9300] loss: 0.00724477 label: (166, 201) pred: (153, 174) delta(pixel): 41
[2022-01-30 23:09:59] - [iter:   9400] loss: 0.00014392 label: (106, 133) pred: (103, 130) delta(pixel): 6
[2022-01-30 23:10:02] - [iter:   9500] loss: 0.00002841 label: (124, 148) pred: (122, 149) delta(pixel): 2
[2022-01-30 23:10:04] - [iter:   9600] loss: 0.00019886 label: (107, 137) pred: (112, 135) delta(pixel): 6
[2022-01-30 23:10:06] - [iter:   9700] loss: 0.00001886 label: (107, 123) pred: (106, 123) delta(pixel): 1
[2022-01-30 23:10:08] - [iter:   9800] loss: 0.00003433 label: (112, 127) pred: (112, 129) delta(pixel): 2
[2022-01-30 23:10:11] - [iter:   9900] loss: 0.00279925 label: (148, 195) pred: (146, 176) delta(pixel): 20
[2022-01-30 23:10:13] - [iter:  10000] loss: 0.00072730 label: (141, 164) pred: (147, 172) delta(pixel): 13
[2022-01-30 23:10:16] - [iter:  10100] loss: 0.00048622 label: (109, 146) pred: (115, 151) delta(pixel): 11
[2022-01-30 23:10:18] - [iter:  10200] loss: 0.00004712 label: (137, 159) pred: (139, 157) delta(pixel): 3
[2022-01-30 23:10:20] - [iter:  10300] loss: 0.00413917 label: (157, 200) pred: (154, 177) delta(pixel): 25
[2022-01-30 23:10:22] - [iter:  10400] loss: 0.00220083 label: (156, 192) pred: (148, 177) delta(pixel): 22
[2022-01-30 23:10:26] - [iter:  10500] loss: 0.00000544 label: (119, 159) pred: (119, 158) delta(pixel): 1
[2022-01-30 23:10:28] - [iter:  10600] loss: 0.00007280 label: (68, 88) pred: (68, 91) delta(pixel): 3
[2022-01-30 23:10:30] - [iter:  10700] loss: 0.00145108 label: (142, 176) pred: (131, 168) delta(pixel): 19
[2022-01-30 23:10:32] - [iter:  10800] loss: 0.00006458 label: (113, 158) pred: (110, 158) delta(pixel): 3
[2022-01-30 23:10:34] - [iter:  10900] loss: 0.00004824 label: (147, 181) pred: (149, 179) delta(pixel): 3
[2022-01-30 23:10:36] - [iter:  11000] loss: 0.00018704 label: (85, 116) pred: (90, 115) delta(pixel): 5
[2022-01-30 23:10:39] - [iter:  11100] loss: 0.00021041 label: (96, 119) pred: (91, 117) delta(pixel): 6
[2022-01-30 23:10:41] - [iter:  11200] loss: 0.00008192 label: (73, 115) pred: (76, 117) delta(pixel): 4
[2022-01-30 23:10:43] - [iter:  11300] loss: 0.00003418 label: (123, 164) pred: (122, 162) delta(pixel): 2
[2022-01-30 23:10:45] - [iter:  11400] loss: 0.00025900 label: (90, 128) pred: (84, 128) delta(pixel): 6
[2022-01-30 23:10:48] - [iter:  11500] loss: 0.00053842 label: (165, 188) pred: (159, 182) delta(pixel): 11
[2022-01-30 23:10:50] - [iter:  11600] loss: 0.00001426 label: (87, 105) pred: (85, 105) delta(pixel): 1
[2022-01-30 23:10:52] - [iter:  11700] loss: 0.00016453 label: (111, 125) pred: (116, 126) delta(pixel): 5
[2022-01-30 23:10:54] - [iter:  11800] loss: 0.00004779 label: (75, 112) pred: (76, 114) delta(pixel): 3
[2022-01-30 23:10:57] - [iter:  11900] loss: 0.00001096 label: (122, 155) pred: (121, 155) delta(pixel): 1
[2022-01-30 23:11:00] - [iter:  12000] loss: 0.00017385 label: (127, 177) pred: (123, 175) delta(pixel): 6
[2022-01-30 23:11:02] - [iter:  12100] loss: 0.00004475 label: (160, 181) pred: (158, 180) delta(pixel): 3
[2022-01-30 23:11:05] - [iter:  12200] loss: 0.00027341 label: (150, 177) pred: (155, 179) delta(pixel): 7
[2022-01-30 23:11:07] - [iter:  12300] loss: 0.00064377 label: (151, 188) pred: (145, 181) delta(pixel): 12
[2022-01-30 23:11:09] - [iter:  12400] loss: 0.00007953 label: (105, 164) pred: (107, 167) delta(pixel): 4
[2022-01-30 23:11:13] - [iter:  12500] loss: 0.00001757 label: (139, 155) pred: (137, 155) delta(pixel): 1
[2022-01-30 23:11:15] - [iter:  12600] loss: 0.00002837 label: (85, 103) pred: (87, 104) delta(pixel): 2
[2022-01-30 23:11:18] - [iter:  12700] loss: 0.00003583 label: (129, 163) pred: (128, 161) delta(pixel): 3
[2022-01-30 23:11:20] - [iter:  12800] loss: 0.00008033 label: (119, 156) pred: (117, 153) delta(pixel): 4
[2022-01-30 23:11:22] - [iter:  12900] loss: 0.00000002 label: (84, 101) pred: (84, 101) delta(pixel): 0
[2022-01-30 23:11:24] - [iter:  13000] loss: 0.00002997 label: (121, 159) pred: (122, 158) delta(pixel): 2
[2022-01-30 23:11:26] - [iter:  13100] loss: 0.00010927 label: (73, 91) pred: (75, 95) delta(pixel): 5
[2022-01-30 23:11:28] - [iter:  13200] loss: 0.00026569 label: (152, 190) pred: (154, 184) delta(pixel): 7
[2022-01-30 23:11:30] - [iter:  13300] loss: 0.00000126 label: (96, 131) pred: (96, 131) delta(pixel): 0
[2022-01-30 23:11:32] - [iter:  13400] loss: 0.00005011 label: (74, 93) pred: (73, 95) delta(pixel): 3
[2022-01-30 23:11:35] - [iter:  13500] loss: 0.00039051 label: (148, 169) pred: (152, 175) delta(pixel): 9
[2022-01-30 23:11:38] - [iter:  13600] loss: 0.00003990 label: (102, 134) pred: (101, 136) delta(pixel): 2
[2022-01-30 23:11:40] - [iter:  13700] loss: 0.00006656 label: (122, 141) pred: (119, 142) delta(pixel): 3
[2022-01-30 23:11:42] - [iter:  13800] loss: 0.00047408 label: (62, 103) pred: (67, 109) delta(pixel): 11
[2022-01-30 23:11:44] - [iter:  13900] loss: 0.00012865 label: (98, 119) pred: (99, 123) delta(pixel): 5
[2022-01-30 23:11:46] - [iter:  14000] loss: 0.00000750 label: (100, 144) pred: (99, 145) delta(pixel): 1
[2022-01-30 23:11:48] - [iter:  14100] loss: 0.00008978 label: (138, 180) pred: (141, 180) delta(pixel): 3
[2022-01-30 23:11:51] - [iter:  14200] loss: 0.00003200 label: (77, 97) pred: (76, 95) delta(pixel): 2
[2022-01-30 23:11:53] - [iter:  14300] loss: 0.00001408 label: (117, 137) pred: (115, 137) delta(pixel): 1
[2022-01-30 23:11:55] - [iter:  14400] loss: 0.00033057 label: (111, 140) pred: (115, 146) delta(pixel): 9
[2022-01-30 23:11:57] - [iter:  14500] loss: 0.00034555 label: (56, 101) pred: (61, 105) delta(pixel): 9
[2022-01-30 23:12:00] - [iter:  14600] loss: 0.00003100 label: (131, 158) pred: (129, 159) delta(pixel): 2
[2022-01-30 23:12:03] - [iter:  14700] loss: 0.00005087 label: (136, 164) pred: (138, 166) delta(pixel): 3
[2022-01-30 23:12:05] - [iter:  14800] loss: 0.00006217 label: (95, 121) pred: (96, 118) delta(pixel): 3
[2022-01-30 23:12:07] - [iter:  14900] loss: 0.00003907 label: (62, 106) pred: (61, 104) delta(pixel): 3
[2022-01-30 23:12:09] - [iter:  15000] loss: 0.00001263 label: (103, 119) pred: (101, 119) delta(pixel): 1
[2022-01-30 23:12:11] - [iter:  15100] loss: 0.00001562 label: (116, 128) pred: (115, 127) delta(pixel): 1
[2022-01-30 23:12:14] - [iter:  15200] loss: 0.00013302 label: (166, 184) pred: (162, 183) delta(pixel): 4
[2022-01-30 23:12:16] - [iter:  15300] loss: 0.00000433 label: (93, 119) pred: (93, 119) delta(pixel): 0
[2022-01-30 23:12:19] - [iter:  15400] loss: 0.00007399 label: (148, 190) pred: (149, 187) delta(pixel): 4
[2022-01-30 23:12:22] - [iter:  15500] loss: 0.00037998 label: (64, 82) pred: (61, 89) delta(pixel): 9
[2022-01-30 23:12:24] - [iter:  15600] loss: 0.00000267 label: (158, 182) pred: (158, 182) delta(pixel): 0
[2022-01-30 23:12:26] - [iter:  15700] loss: 0.00016417 label: (91, 115) pred: (88, 111) delta(pixel): 6
[2022-01-30 23:12:28] - [iter:  15800] loss: 0.00246837 label: (52, 72) pred: (58, 89) delta(pixel): 23
[2022-01-30 23:12:31] - [iter:  15900] loss: 0.00008663 label: (129, 149) pred: (132, 151) delta(pixel): 4
[2022-01-30 23:12:33] - [iter:  16000] loss: 0.00001887 label: (67, 117) pred: (67, 116) delta(pixel): 2
[2022-01-30 23:12:35] - [iter:  16100] loss: 0.00002774 label: (118, 133) pred: (116, 131) delta(pixel): 2
[2022-01-30 23:12:38] - [iter:  16200] loss: 0.00088737 label: (125, 159) pred: (133, 166) delta(pixel): 15
[2022-01-30 23:12:42] - [iter:  16300] loss: 0.00015993 label: (166, 193) pred: (164, 188) delta(pixel): 5
[2022-01-30 23:12:45] - [iter:  16400] loss: 0.00013227 label: (68, 86) pred: (68, 90) delta(pixel): 4
[2022-01-30 23:12:47] - [iter:  16500] loss: 0.00025680 label: (120, 160) pred: (114, 158) delta(pixel): 7
[2022-01-30 23:12:49] - [iter:  16600] loss: 0.00305400 label: (180, 201) pred: (164, 189) delta(pixel): 27
[2022-01-30 23:12:51] - [iter:  16700] loss: 0.00005145 label: (124, 156) pred: (126, 156) delta(pixel): 2
[2022-01-30 23:12:53] - [iter:  16800] loss: 0.00001094 label: (125, 154) pred: (125, 153) delta(pixel): 1
[2022-01-30 23:12:55] - [iter:  16900] loss: 0.00011992 label: (138, 154) pred: (137, 150) delta(pixel): 5
[2022-01-30 23:12:57] - [iter:  17000] loss: 0.00000093 label: (129, 157) pred: (129, 157) delta(pixel): 0
[2022-01-30 23:13:00] - [iter:  17100] loss: 0.00027922 label: (127, 161) pred: (126, 155) delta(pixel): 7
[2022-01-30 23:13:02] - [iter:  17200] loss: 0.00000705 label: (95, 124) pred: (95, 123) delta(pixel): 1
[2022-01-30 23:13:05] - [iter:  17300] loss: 0.00010449 label: (117, 159) pred: (117, 155) delta(pixel): 3
[2022-01-30 23:13:07] - [iter:  17400] loss: 0.00008569 label: (83, 138) pred: (84, 141) delta(pixel): 3
[2022-01-30 23:13:09] - [iter:  17500] loss: 0.00001378 label: (100, 115) pred: (102, 115) delta(pixel): 1
[2022-01-30 23:13:11] - [iter:  17600] loss: 0.00001697 label: (68, 89) pred: (69, 90) delta(pixel): 2
[2022-01-30 23:13:13] - [iter:  17700] loss: 0.00001403 label: (123, 139) pred: (123, 140) delta(pixel): 1
[2022-01-30 23:13:15] - [iter:  17800] loss: 0.00000615 label: (151, 169) pred: (151, 170) delta(pixel): 0
[2022-01-30 23:13:17] - [iter:  17900] loss: 0.00003830 label: (122, 163) pred: (120, 163) delta(pixel): 2
[2022-01-30 23:13:20] - [iter:  18000] loss: 0.00004073 label: (141, 160) pred: (143, 162) delta(pixel): 3
[2022-01-30 23:13:22] - [iter:  18100] loss: 0.00000808 label: (102, 153) pred: (103, 153) delta(pixel): 1
[2022-01-30 23:13:24] - [iter:  18200] loss: 0.00020565 label: (101, 140) pred: (98, 136) delta(pixel): 7
[2022-01-30 23:13:26] - [iter:  18300] loss: 0.00005170 label: (109, 123) pred: (110, 126) delta(pixel): 3
[2022-01-30 23:13:29] - [iter:  18400] loss: 0.00005304 label: (142, 162) pred: (144, 161) delta(pixel): 3
[2022-01-30 23:13:31] - [iter:  18500] loss: 0.00007164 label: (111, 148) pred: (110, 146) delta(pixel): 4
[2022-01-30 23:13:33] - [iter:  18600] loss: 0.00001299 label: (133, 167) pred: (134, 168) delta(pixel): 1
[2022-01-30 23:13:36] - [iter:  18700] loss: 0.00005161 label: (94, 128) pred: (94, 130) delta(pixel): 2
[2022-01-30 23:13:39] - [iter:  18800] loss: 0.00015828 label: (115, 134) pred: (113, 129) delta(pixel): 5
[2022-01-30 23:13:41] - [iter:  18900] loss: 0.00000675 label: (91, 107) pred: (92, 108) delta(pixel): 1
[2022-01-30 23:13:43] - [iter:  19000] loss: 0.00030805 label: (146, 197) pred: (149, 191) delta(pixel): 8
[2022-01-30 23:13:45] - [iter:  19100] loss: 0.00002665 label: (114, 156) pred: (113, 156) delta(pixel): 2
[2022-01-30 23:13:47] - [iter:  19200] loss: 0.00006190 label: (152, 186) pred: (154, 189) delta(pixel): 3
[2022-01-30 23:13:49] - [iter:  19300] loss: 0.00000556 label: (122, 154) pred: (121, 153) delta(pixel): 1
[2022-01-30 23:13:51] - [iter:  19400] loss: 0.00000836 label: (106, 125) pred: (107, 124) delta(pixel): 1
[2022-01-30 23:13:53] - [iter:  19500] loss: 0.00001301 label: (115, 147) pred: (114, 147) delta(pixel): 1
[2022-01-30 23:13:55] - [iter:  19600] loss: 0.00008721 label: (148, 168) pred: (151, 170) delta(pixel): 4
[2022-01-30 23:13:58] - [iter:  19700] loss: 0.00030524 label: (95, 169) pred: (101, 171) delta(pixel): 7
[2022-01-30 23:14:00] - [iter:  19800] loss: 0.00016856 label: (157, 183) pred: (160, 186) delta(pixel): 6
[2022-01-30 23:14:02] - [iter:  19900] loss: 0.00004376 label: (104, 135) pred: (106, 136) delta(pixel): 3
[2022-01-30 23:14:04] - [iter:  20000] loss: 0.00004218 label: (102, 169) pred: (103, 172) delta(pixel): 2
[2022-01-30 23:14:07] - [iter:  20100] loss: 0.00022692 label: (149, 171) pred: (146, 166) delta(pixel): 7
[2022-01-30 23:14:10] - [iter:  20200] loss: 0.00001795 label: (127, 150) pred: (128, 149) delta(pixel): 2
[2022-01-30 23:14:12] - [iter:  20300] loss: 0.00009115 label: (113, 132) pred: (114, 129) delta(pixel): 4
[2022-01-30 23:14:14] - [iter:  20400] loss: 0.00002434 label: (85, 125) pred: (87, 124) delta(pixel): 2
[2022-01-30 23:14:16] - [iter:  20500] loss: 0.00002928 label: (69, 91) pred: (70, 92) delta(pixel): 2
[2022-01-30 23:14:19] - [iter:  20600] loss: 0.00029201 label: (62, 81) pred: (66, 85) delta(pixel): 8
[2022-01-30 23:14:21] - [iter:  20700] loss: 0.00010094 label: (85, 103) pred: (88, 105) delta(pixel): 4
[2022-01-30 23:14:23] - [iter:  20800] loss: 0.00005644 label: (114, 157) pred: (111, 156) delta(pixel): 3
[2022-01-30 23:14:26] - [iter:  20900] loss: 0.00003488 label: (136, 163) pred: (135, 165) delta(pixel): 2
[2022-01-30 23:14:29] - [iter:  21000] loss: 0.00003184 label: (127, 180) pred: (127, 178) delta(pixel): 2
[2022-01-30 23:14:31] - [iter:  21100] loss: 0.00010736 label: (152, 198) pred: (153, 194) delta(pixel): 4
[2022-01-30 23:14:33] - [iter:  21200] loss: 0.00154381 label: (110, 141) pred: (120, 152) delta(pixel): 20
[2022-01-30 23:14:36] - [iter:  21300] loss: 0.00002101 label: (140, 179) pred: (138, 178) delta(pixel): 2
[2022-01-30 23:14:39] - [iter:  21400] loss: 0.00000524 label: (101, 122) pred: (101, 122) delta(pixel): 1
[2022-01-30 23:14:41] - [iter:  21500] loss: 0.00006409 label: (107, 154) pred: (108, 157) delta(pixel): 3
[2022-01-30 23:14:44] - [iter:  21600] loss: 0.00001553 label: (121, 145) pred: (122, 145) delta(pixel): 1
[2022-01-30 23:14:46] - [iter:  21700] loss: 0.00000243 label: (93, 109) pred: (93, 109) delta(pixel): 0
[2022-01-30 23:14:48] - [iter:  21800] loss: 0.00011951 label: (116, 177) pred: (115, 173) delta(pixel): 4
[2022-01-30 23:14:50] - [iter:  21900] loss: 0.00020144 label: (125, 165) pred: (122, 160) delta(pixel): 7
[2022-01-30 23:14:53] - [iter:  22000] loss: 0.00042460 label: (117, 155) pred: (112, 150) delta(pixel): 10
[2022-01-30 23:14:56] - [iter:  22100] loss: 0.00000801 label: (114, 132) pred: (115, 132) delta(pixel): 1
[2022-01-30 23:14:58] - [iter:  22200] loss: 0.00003721 label: (106, 122) pred: (105, 120) delta(pixel): 3
[2022-01-30 23:15:00] - [iter:  22300] loss: 0.00000177 label: (122, 141) pred: (123, 141) delta(pixel): 0
[2022-01-30 23:15:02] - [iter:  22400] loss: 0.00006582 label: (115, 148) pred: (117, 150) delta(pixel): 4
[2022-01-30 23:15:05] - [iter:  22500] loss: 0.00001001 label: (138, 156) pred: (138, 155) delta(pixel): 1
[2022-01-30 23:15:08] - [iter:  22600] loss: 0.00000117 label: (125, 157) pred: (126, 157) delta(pixel): 0
[2022-01-30 23:15:10] - [iter:  22700] loss: 0.00000169 label: (150, 181) pred: (150, 182) delta(pixel): 0
[2022-01-30 23:15:12] - [iter:  22800] loss: 0.00000242 label: (71, 91) pred: (72, 92) delta(pixel): 0
[2022-01-30 23:15:14] - [iter:  22900] loss: 0.00004963 label: (159, 182) pred: (160, 184) delta(pixel): 3
[2022-01-30 23:15:16] - [iter:  23000] loss: 0.00002357 label: (122, 168) pred: (124, 168) delta(pixel): 2
[2022-01-30 23:15:18] - [iter:  23100] loss: 0.00004076 label: (71, 120) pred: (71, 118) delta(pixel): 2
[2022-01-30 23:15:20] - [iter:  23200] loss: 0.00364570 label: (186, 206) pred: (167, 195) delta(pixel): 30
[2022-01-30 23:15:23] - [iter:  23300] loss: 0.00020842 label: (59, 79) pred: (62, 84) delta(pixel): 7
[2022-01-30 23:15:25] - [iter:  23400] loss: 0.00000588 label: (98, 116) pred: (97, 117) delta(pixel): 1
[2022-01-30 23:15:27] - [iter:  23500] loss: 0.00003094 label: (136, 161) pred: (138, 162) delta(pixel): 2
[2022-01-30 23:15:30] - [iter:  23600] loss: 0.00065690 label: (111, 155) pred: (103, 149) delta(pixel): 13
[2022-01-30 23:15:33] - [iter:  23700] loss: 0.00001584 label: (109, 142) pred: (109, 144) delta(pixel): 1
[2022-01-30 23:15:35] - [iter:  23800] loss: 0.00000013 label: (145, 166) pred: (145, 166) delta(pixel): 0
[2022-01-30 23:15:37] - [iter:  23900] loss: 0.00003129 label: (149, 193) pred: (148, 192) delta(pixel): 2
[2022-01-30 23:15:40] - [iter:  24000] loss: 0.00015241 label: (173, 193) pred: (169, 192) delta(pixel): 5
[2022-01-30 23:15:43] - [iter:  24100] loss: 0.00013533 label: (93, 154) pred: (93, 150) delta(pixel): 4
[2022-01-30 23:15:46] - [iter:  24200] loss: 0.00004708 label: (87, 131) pred: (90, 130) delta(pixel): 3
[2022-01-30 23:15:49] - [iter:  24300] loss: 0.00001778 label: (139, 174) pred: (139, 172) delta(pixel): 1
[2022-01-30 23:15:51] - [iter:  24400] loss: 0.00002055 label: (110, 127) pred: (111, 128) delta(pixel): 2
[2022-01-30 23:15:53] - [iter:  24500] loss: 0.00001615 label: (83, 105) pred: (82, 103) delta(pixel): 1
[2022-01-30 23:15:56] - [iter:  24600] loss: 0.00000303 label: (107, 146) pred: (108, 146) delta(pixel): 0
[2022-01-30 23:15:59] - [iter:  24700] loss: 0.00000180 label: (130, 173) pred: (129, 173) delta(pixel): 0
[2022-01-30 23:16:01] - [iter:  24800] loss: 0.00000424 label: (83, 134) pred: (84, 134) delta(pixel): 1
[2022-01-30 23:16:04] - [iter:  24900] loss: 0.00006530 label: (66, 118) pred: (66, 115) delta(pixel): 2
[2022-01-30 23:16:06] - [iter:  25000] loss: 0.00017994 label: (127, 168) pred: (128, 173) delta(pixel): 5
[2022-01-30 23:16:09] - [iter:  25100] loss: 0.00012551 label: (125, 160) pred: (128, 163) delta(pixel): 5
[2022-01-30 23:16:11] - [iter:  25200] loss: 0.00000556 label: (73, 125) pred: (73, 124) delta(pixel): 1
[2022-01-30 23:16:14] - [iter:  25300] loss: 0.00003314 label: (75, 125) pred: (75, 123) delta(pixel): 2
[2022-01-30 23:16:16] - [iter:  25400] loss: 0.00002789 label: (168, 192) pred: (168, 194) delta(pixel): 2
[2022-01-30 23:16:18] - [iter:  25500] loss: 0.00015291 label: (109, 145) pred: (109, 140) delta(pixel): 4
[2022-01-30 23:16:20] - [iter:  25600] loss: 0.00000020 label: (114, 146) pred: (114, 146) delta(pixel): 0
[2022-01-30 23:16:22] - [iter:  25700] loss: 0.00000301 label: (113, 152) pred: (112, 152) delta(pixel): 0
[2022-01-30 23:16:25] - [iter:  25800] loss: 0.00000748 label: (124, 174) pred: (124, 175) delta(pixel): 1
[2022-01-30 23:16:27] - [iter:  25900] loss: 0.00002387 label: (154, 174) pred: (153, 175) delta(pixel): 2
[2022-01-30 23:16:30] - [iter:  26000] loss: 0.00003018 label: (121, 159) pred: (121, 157) delta(pixel): 2
[2022-01-30 23:16:32] - [iter:  26100] loss: 0.00000648 label: (97, 116) pred: (96, 116) delta(pixel): 1
[2022-01-30 23:16:34] - [iter:  26200] loss: 0.00005804 label: (120, 148) pred: (122, 151) delta(pixel): 3
[2022-01-30 23:16:36] - [iter:  26300] loss: 0.00007706 label: (116, 161) pred: (114, 158) delta(pixel): 4
[2022-01-30 23:16:39] - [iter:  26400] loss: 0.00030322 label: (127, 144) pred: (123, 139) delta(pixel): 8
[2022-01-30 23:16:41] - [iter:  26500] loss: 0.00023614 label: (144, 172) pred: (139, 170) delta(pixel): 7
[2022-01-30 23:16:44] - [iter:  26600] loss: 0.00008079 label: (136, 167) pred: (137, 170) delta(pixel): 4
[2022-01-30 23:16:47] - [iter:  26700] loss: 0.00000279 label: (131, 163) pred: (132, 163) delta(pixel): 0
[2022-01-30 23:16:49] - [iter:  26800] loss: 0.00000145 label: (76, 98) pred: (76, 98) delta(pixel): 0
[2022-01-30 23:16:51] - [iter:  26900] loss: 0.00001355 label: (149, 186) pred: (148, 187) delta(pixel): 1
[2022-01-30 23:16:53] - [iter:  27000] loss: 0.00009929 label: (162, 202) pred: (161, 198) delta(pixel): 4
[2022-01-30 23:16:55] - [iter:  27100] loss: 0.00008238 label: (120, 174) pred: (119, 171) delta(pixel): 4
[2022-01-30 23:16:57] - [iter:  27200] loss: 0.00005220 label: (136, 151) pred: (138, 153) delta(pixel): 3
[2022-01-30 23:17:00] - [iter:  27300] loss: 0.00006530 label: (148, 185) pred: (147, 182) delta(pixel): 3
[2022-01-30 23:17:02] - [iter:  27400] loss: 0.00002215 label: (119, 153) pred: (120, 154) delta(pixel): 2
[2022-01-30 23:17:04] - [iter:  27500] loss: 0.00011337 label: (91, 113) pred: (89, 110) delta(pixel): 5
[2022-01-30 23:17:06] - [iter:  27600] loss: 0.00005154 label: (66, 83) pred: (64, 84) delta(pixel): 3
[2022-01-30 23:17:08] - [iter:  27700] loss: 0.00000091 label: (84, 100) pred: (83, 100) delta(pixel): 0
[2022-01-30 23:17:11] - [iter:  27800] loss: 0.00003123 label: (160, 193) pred: (161, 195) delta(pixel): 2
[2022-01-30 23:17:14] - [iter:  27900] loss: 0.00001001 label: (65, 85) pred: (64, 86) delta(pixel): 1
[2022-01-30 23:17:16] - [iter:  28000] loss: 0.00004857 label: (94, 161) pred: (93, 159) delta(pixel): 3
[2022-01-30 23:17:18] - [iter:  28100] loss: 0.00001386 label: (142, 195) pred: (141, 194) delta(pixel): 1
[2022-01-30 23:17:20] - [iter:  28200] loss: 0.00004088 label: (140, 161) pred: (142, 161) delta(pixel): 2
[2022-01-30 23:17:22] - [iter:  28300] loss: 0.00000327 label: (106, 120) pred: (106, 121) delta(pixel): 0
[2022-01-30 23:17:24] - [iter:  28400] loss: 0.00015251 label: (156, 180) pred: (160, 182) delta(pixel): 6
[2022-01-30 23:17:26] - [iter:  28500] loss: 0.00016958 label: (101, 143) pred: (105, 147) delta(pixel): 6
[2022-01-30 23:17:28] - [iter:  28600] loss: 0.00006729 label: (101, 143) pred: (99, 141) delta(pixel): 4
[2022-01-30 23:17:30] - [iter:  28700] loss: 0.00002581 label: (82, 128) pred: (80, 127) delta(pixel): 2
[2022-01-30 23:17:32] - [iter:  28800] loss: 0.00000295 label: (103, 121) pred: (102, 121) delta(pixel): 0
[2022-01-30 23:17:34] - [iter:  28900] loss: 0.00008281 label: (136, 174) pred: (139, 176) delta(pixel): 4
[2022-01-30 23:17:36] - [iter:  29000] loss: 0.00001209 label: (145, 164) pred: (144, 163) delta(pixel): 1
[2022-01-30 23:17:38] - [iter:  29100] loss: 0.00009305 label: (89, 115) pred: (91, 118) delta(pixel): 4
[2022-01-30 23:17:40] - [iter:  29200] loss: 0.00003683 label: (97, 148) pred: (98, 150) delta(pixel): 3
[2022-01-30 23:17:43] - [iter:  29300] loss: 0.00016964 label: (119, 159) pred: (122, 161) delta(pixel): 6
[2022-01-30 23:17:46] - [iter:  29400] loss: 0.00015958 label: (103, 135) pred: (102, 130) delta(pixel): 5
[2022-01-30 23:17:48] - [iter:  29500] loss: 0.00002211 label: (152, 169) pred: (151, 168) delta(pixel): 2
[2022-01-30 23:17:50] - [iter:  29600] loss: 0.00001044 label: (106, 175) pred: (105, 174) delta(pixel): 1
[2022-01-30 23:17:52] - [iter:  29700] loss: 0.00001483 label: (112, 147) pred: (113, 146) delta(pixel): 1
[2022-01-30 23:17:54] - [iter:  29800] loss: 0.00001936 label: (162, 182) pred: (164, 183) delta(pixel): 1
[2022-01-30 23:17:56] - [iter:  29900] loss: 0.00000768 label: (113, 127) pred: (112, 128) delta(pixel): 1
[2022-01-30 23:17:58] - [iter:  30000] loss: 0.00000891 label: (98, 119) pred: (96, 119) delta(pixel): 1
[2022-01-30 23:18:01] - [iter:  30100] loss: 0.00000900 label: (66, 118) pred: (67, 119) delta(pixel): 1
[2022-01-30 23:18:04] - [iter:  30200] loss: 0.00001206 label: (133, 149) pred: (132, 149) delta(pixel): 1
[2022-01-30 23:18:06] - [iter:  30300] loss: 0.00000993 label: (154, 176) pred: (153, 176) delta(pixel): 1
[2022-01-30 23:18:09] - [iter:  30400] loss: 0.00001029 label: (70, 117) pred: (69, 117) delta(pixel): 1
[2022-01-30 23:18:11] - [iter:  30500] loss: 0.00000527 label: (133, 161) pred: (132, 161) delta(pixel): 0
[2022-01-30 23:18:13] - [iter:  30600] loss: 0.00000224 label: (127, 149) pred: (127, 149) delta(pixel): 0
[2022-01-30 23:18:15] - [iter:  30700] loss: 0.00000456 label: (137, 166) pred: (138, 167) delta(pixel): 1
[2022-01-30 23:18:18] - [iter:  30800] loss: 0.00011800 label: (97, 130) pred: (100, 132) delta(pixel): 5
[2022-01-30 23:18:20] - [iter:  30900] loss: 0.00007567 label: (109, 158) pred: (111, 160) delta(pixel): 4
[2022-01-30 23:18:22] - [iter:  31000] loss: 0.00001557 label: (125, 160) pred: (124, 160) delta(pixel): 1
[2022-01-30 23:18:24] - [iter:  31100] loss: 0.00003659 label: (132, 154) pred: (130, 152) delta(pixel): 3
[2022-01-30 23:18:26] - [iter:  31200] loss: 0.00000297 label: (131, 148) pred: (131, 147) delta(pixel): 0
[2022-01-30 23:18:30] - [iter:  31300] loss: 0.00002723 label: (102, 147) pred: (104, 147) delta(pixel): 2
[2022-01-30 23:18:33] - [iter:  31400] loss: 0.00005932 label: (143, 177) pred: (145, 179) delta(pixel): 3
[2022-01-30 23:18:36] - [iter:  31500] loss: 0.00000262 label: (118, 148) pred: (118, 148) delta(pixel): 0
[2022-01-30 23:18:39] - [iter:  31600] loss: 0.00005209 label: (97, 167) pred: (98, 164) delta(pixel): 3
[2022-01-30 23:18:41] - [iter:  31700] loss: 0.00003087 label: (176, 196) pred: (174, 197) delta(pixel): 2
[2022-01-30 23:18:43] - [iter:  31800] loss: 0.00001106 label: (104, 123) pred: (105, 124) delta(pixel): 1
[2022-01-30 23:18:45] - [iter:  31900] loss: 0.00000444 label: (114, 150) pred: (113, 151) delta(pixel): 1
[2022-01-30 23:18:47] - [iter:  32000] loss: 0.00000935 label: (143, 163) pred: (142, 163) delta(pixel): 1
[2022-01-30 23:18:49] - [iter:  32100] loss: 0.00001188 label: (149, 189) pred: (149, 188) delta(pixel): 1
[2022-01-30 23:18:51] - [iter:  32200] loss: 0.00000080 label: (110, 133) pred: (109, 133) delta(pixel): 0
[2022-01-30 23:18:53] - [iter:  32300] loss: 0.00000643 label: (155, 191) pred: (154, 191) delta(pixel): 1
[2022-01-30 23:18:56] - [iter:  32400] loss: 0.00003842 label: (131, 148) pred: (129, 146) delta(pixel): 3
[2022-01-30 23:18:59] - [iter:  32500] loss: 0.00000313 label: (158, 180) pred: (158, 180) delta(pixel): 0
[2022-01-30 23:19:01] - [iter:  32600] loss: 0.00012381 label: (163, 181) pred: (165, 184) delta(pixel): 5
[2022-01-30 23:19:03] - [iter:  32700] loss: 0.00002084 label: (163, 186) pred: (162, 187) delta(pixel): 2
[2022-01-30 23:19:05] - [iter:  32800] loss: 0.00002796 label: (131, 150) pred: (133, 150) delta(pixel): 1
[2022-01-30 23:19:07] - [iter:  32900] loss: 0.00001270 label: (124, 152) pred: (125, 153) delta(pixel): 1
[2022-01-30 23:19:09] - [iter:  33000] loss: 0.00003902 label: (102, 142) pred: (101, 140) delta(pixel): 3
[2022-01-30 23:19:11] - [iter:  33100] loss: 0.00119226 label: (183, 204) pred: (172, 199) delta(pixel): 16
[2022-01-30 23:19:13] - [iter:  33200] loss: 0.00000345 label: (123, 138) pred: (123, 138) delta(pixel): 0
[2022-01-30 23:19:15] - [iter:  33300] loss: 0.00001905 label: (59, 108) pred: (61, 108) delta(pixel): 1
[2022-01-30 23:19:17] - [iter:  33400] loss: 0.00000948 label: (133, 147) pred: (132, 146) delta(pixel): 1
[2022-01-30 23:19:20] - [iter:  33500] loss: 0.00004131 label: (75, 100) pred: (77, 98) delta(pixel): 3
[2022-01-30 23:19:22] - [iter:  33600] loss: 0.00001563 label: (136, 183) pred: (134, 183) delta(pixel): 1
[2022-01-30 23:19:24] - [iter:  33700] loss: 0.00000509 label: (117, 151) pred: (116, 152) delta(pixel): 1
[2022-01-30 23:19:26] - [iter:  33800] loss: 0.00001473 label: (150, 174) pred: (151, 173) delta(pixel): 1
[2022-01-30 23:19:29] - [iter:  33900] loss: 0.00000820 label: (114, 140) pred: (113, 139) delta(pixel): 1
[2022-01-30 23:19:32] - [iter:  34000] loss: 0.00021096 label: (106, 175) pred: (105, 170) delta(pixel): 5
[2022-01-30 23:19:33] - [iter:  34100] loss: 0.00006024 label: (99, 118) pred: (96, 117) delta(pixel): 3
[2022-01-30 23:19:36] - [iter:  34200] loss: 0.00003889 label: (127, 160) pred: (129, 162) delta(pixel): 3
[2022-01-30 23:19:39] - [iter:  34300] loss: 0.00001022 label: (130, 157) pred: (131, 156) delta(pixel): 1
[2022-01-30 23:19:42] - [iter:  34400] loss: 0.00006507 label: (149, 180) pred: (150, 183) delta(pixel): 3
[2022-01-30 23:19:44] - [iter:  34500] loss: 0.00017166 label: (103, 119) pred: (106, 123) delta(pixel): 6
[2022-01-30 23:19:46] - [iter:  34600] loss: 0.00006936 label: (170, 196) pred: (168, 193) delta(pixel): 4
[2022-01-30 23:19:48] - [iter:  34700] loss: 0.00000321 label: (121, 156) pred: (120, 156) delta(pixel): 0
[2022-01-30 23:19:51] - [iter:  34800] loss: 0.00002466 label: (139, 171) pred: (140, 173) delta(pixel): 2
[2022-01-30 23:19:53] - [iter:  34900] loss: 0.00000725 label: (68, 110) pred: (67, 110) delta(pixel): 1
[2022-01-30 23:19:55] - [iter:  35000] loss: 0.00000070 label: (105, 164) pred: (105, 164) delta(pixel): 0
[2022-01-30 23:19:58] - [iter:  35100] loss: 0.00004120 label: (134, 152) pred: (132, 150) delta(pixel): 3
[2022-01-30 23:20:00] - [iter:  35200] loss: 0.00000303 label: (72, 92) pred: (73, 92) delta(pixel): 0
[2022-01-30 23:20:04] - [iter:  35300] loss: 0.00000044 label: (131, 166) pred: (131, 166) delta(pixel): 0
[2022-01-30 23:20:06] - [iter:  35400] loss: 0.00016499 label: (156, 182) pred: (159, 184) delta(pixel): 6
[2022-01-30 23:20:08] - [iter:  35500] loss: 0.00002051 label: (96, 167) pred: (95, 166) delta(pixel): 2
[2022-01-30 23:20:10] - [iter:  35600] loss: 0.00001409 label: (140, 187) pred: (139, 186) delta(pixel): 1
[2022-01-30 23:20:12] - [iter:  35700] loss: 0.00001634 label: (137, 192) pred: (137, 191) delta(pixel): 1
[2022-01-30 23:20:14] - [iter:  35800] loss: 0.00000197 label: (115, 139) pred: (115, 139) delta(pixel): 0
[2022-01-30 23:20:16] - [iter:  35900] loss: 0.00000504 label: (129, 151) pred: (129, 151) delta(pixel): 0
[2022-01-30 23:20:19] - [iter:  36000] loss: 0.00029671 label: (167, 208) pred: (168, 202) delta(pixel): 6
[2022-01-30 23:20:22] - [iter:  36100] loss: 0.00000429 label: (76, 98) pred: (75, 98) delta(pixel): 0
[2022-01-30 23:20:24] - [iter:  36200] loss: 0.00000540 label: (115, 155) pred: (114, 155) delta(pixel): 1
[2022-01-30 23:20:26] - [iter:  36300] loss: 0.00003112 label: (76, 120) pred: (75, 119) delta(pixel): 2
[2022-01-30 23:20:28] - [iter:  36400] loss: 0.00000263 label: (124, 148) pred: (123, 148) delta(pixel): 0
[2022-01-30 23:20:30] - [iter:  36500] loss: 0.00013077 label: (159, 200) pred: (163, 201) delta(pixel): 5
[2022-01-30 23:20:32] - [iter:  36600] loss: 0.00001137 label: (93, 149) pred: (91, 148) delta(pixel): 1
[2022-01-30 23:20:34] - [iter:  36700] loss: 0.00008515 label: (133, 165) pred: (133, 162) delta(pixel): 3
[2022-01-30 23:20:36] - [iter:  36800] loss: 0.00000164 label: (120, 150) pred: (120, 150) delta(pixel): 0
[2022-01-30 23:20:38] - [iter:  36900] loss: 0.00011514 label: (117, 146) pred: (118, 149) delta(pixel): 5
[2022-01-30 23:20:40] - [iter:  37000] loss: 0.00000787 label: (125, 160) pred: (125, 159) delta(pixel): 1
[2022-01-30 23:20:42] - [iter:  37100] loss: 0.00000225 label: (106, 125) pred: (106, 125) delta(pixel): 0
[2022-01-30 23:20:44] - [iter:  37200] loss: 0.00006529 label: (120, 160) pred: (118, 158) delta(pixel): 4
[2022-01-30 23:20:48] - [iter:  37300] loss: 0.00000879 label: (136, 151) pred: (137, 151) delta(pixel): 1
[2022-01-30 23:20:50] - [iter:  37400] loss: 0.00004908 label: (69, 114) pred: (71, 114) delta(pixel): 2
[2022-01-30 23:20:52] - [iter:  37500] loss: 0.00006004 label: (138, 186) pred: (135, 186) delta(pixel): 2
[2022-01-30 23:20:55] - [iter:  37600] loss: 0.00006521 label: (71, 114) pred: (71, 117) delta(pixel): 3
[2022-01-30 23:20:57] - [iter:  37700] loss: 0.00005610 label: (122, 154) pred: (123, 156) delta(pixel): 3
[2022-01-30 23:20:59] - [iter:  37800] loss: 0.00000746 label: (99, 163) pred: (99, 162) delta(pixel): 1
[2022-01-30 23:21:01] - [iter:  37900] loss: 0.00001625 label: (112, 127) pred: (112, 126) delta(pixel): 1
[2022-01-30 23:21:04] - [iter:  38000] loss: 0.00003524 label: (66, 85) pred: (65, 84) delta(pixel): 2
[2022-01-30 23:21:06] - [iter:  38100] loss: 0.00003743 label: (127, 141) pred: (125, 142) delta(pixel): 2
[2022-01-30 23:21:10] - [iter:  38200] loss: 0.00048095 label: (54, 74) pred: (56, 82) delta(pixel): 9
[2022-01-30 23:21:13] - [iter:  38300] loss: 0.00001850 label: (123, 159) pred: (122, 161) delta(pixel): 2
[2022-01-30 23:21:16] - [iter:  38400] loss: 0.00002122 label: (136, 161) pred: (135, 159) delta(pixel): 2
[2022-01-30 23:21:18] - [iter:  38500] loss: 0.00001118 label: (106, 130) pred: (106, 129) delta(pixel): 1
[2022-01-30 23:21:21] - [iter:  38600] loss: 0.00001888 label: (114, 132) pred: (113, 131) delta(pixel): 2
[2022-01-30 23:21:23] - [iter:  38700] loss: 0.00003713 label: (143, 159) pred: (144, 161) delta(pixel): 2
[2022-01-30 23:21:27] - [iter:  38800] loss: 0.00007783 label: (135, 166) pred: (137, 169) delta(pixel): 4
[2022-01-30 23:21:29] - [iter:  38900] loss: 0.00001987 label: (109, 146) pred: (108, 145) delta(pixel): 2
